<?xml version="1.0" encoding="UTF-8"?>
<!-- Generated by org.testng.reporters.JUnitReportReporter -->
<testsuite hostname="AQMIT-DSK-10113" failures="0" tests="2" name="tests.BookTicketWithDataProvider" time="159.966" errors="0" timestamp="2022-04-29T15:09:12 IST" skipped="0">
  <testcase classname="tests.BookTicketWithDataProvider" name="homePage" time="80.244"/>
  <system-out/>
  <testcase classname="tests.BookTicketWithDataProvider" name="homePage" time="79.722"/>
  <system-out/>
</testsuite> <!-- tests.BookTicketWithDataProvider -->
