<?xml version="1.0" encoding="UTF-8"?>
<!-- Generated by org.testng.reporters.JUnitReportReporter -->
<testsuite hostname="AQMIT-DSK-10113" failures="0" tests="4" name="tests.BookTicket" time="74.529" errors="0" timestamp="2022-04-26T15:01:04 IST" skipped="0">
  <testcase classname="tests.BookTicket" name="bookFlightFirstPage" time="37.161"/>
  <system-out/>
  <testcase classname="tests.BookTicket" name="bookFlightSecondPage" time="6.898"/>
  <system-out/>
  <testcase classname="tests.BookTicket" name="bookFlightThirdPage" time="3.823"/>
  <system-out/>
  <testcase classname="tests.BookTicket" name="bookFlightFourthPage" time="26.647"/>
  <system-out/>
</testsuite> <!-- tests.BookTicket -->
