<?xml version="1.0" encoding="UTF-8"?>
<!-- Generated by org.testng.reporters.JUnitReportReporter -->
<testsuite hostname="AQMIT-DSK-10113" failures="0" tests="2" name="tests.HomePageTest" time="96.547" errors="0" timestamp="2022-04-27T13:02:52 IST" skipped="0">
  <testcase classname="tests.HomePageTest" name="homeTest" time="83.434"/>
  <system-out/>
  <testcase classname="tests.HomePageTest" name="selectingFlight" time="13.113"/>
  <system-out/>
</testsuite> <!-- tests.HomePageTest -->
